#
# A fatal error has been detected by the Java Runtime Environment:
#
#  SIGSEGV (0xb) at pc=0x000000011a1092a4, pid=5883, tid=0x0000000000000f03
#
# JRE version: Java(TM) SE Runtime Environment (8.0_181-b13) (build 1.8.0_181-b13)
# Java VM: Java HotSpot(TM) 64-Bit Server VM (25.181-b13 mixed mode bsd-amd64 compressed oops)
# Problematic frame:
# J 2 C2 java.lang.Object.<init>()V (1 bytes) @ 0x000000011a1092a4 [0x000000011a109260+0x44]
#
# Failed to write core dump. Core dumps have been disabled. To enable core dumping, try "ulimit -c unlimited" before starting Java again
#
# If you would like to submit a bug report, please visit:
#   http://bugreport.java.com/bugreport/crash.jsp
#

---------------  T H R E A D  ---------------

Current thread (0x00007f8bf601c800):  JavaThread "main" [_thread_in_Java, id=3843, stack(0x000070000bad8000,0x000070000bbd8000)]

siginfo: si_signo: 11 (SIGSEGV), si_code: 1 (SEGV_MAPERR), si_addr: 0x00000002ea0ae2a4

Registers:
RAX=0x00000001143b2480, RBX=0x00000001143b2480, RCX=0x000000010df165c6, RDX=0x000000011a00c35d
RSP=0x000070000bbd5680, RBP=0x000070000bbd56f8, RSI=0x000000010df165c6, RDI=0x0000000000000000
R8 =0x0000000040000000, R9 =0x0000000000000000, R10=0x00000002ea0ae208, R11=0x000000005d415c41
R12=0x0000000000000000, R13=0x000070000bbd56b0, R14=0x000070000bbd5708, R15=0x00007f8bf601c800
RIP=0x000000011a1092a4, EFLAGS=0x0000000000010202, ERR=0x0000000000000004
  TRAPNO=0x000000000000000e

Top of Stack: (sp=0x000070000bbd5680)
0x000070000bbd5680:   000070000bbd56c0 000000010e07eae9
0x000070000bbd5690:   000070000bbd56f8 000000011a00c35d
0x000070000bbd56a0:   0000000116bd2490 000000011a00c35d
0x000070000bbd56b0:   000000010df165c6 000070000bbd56b8
0x000070000bbd56c0:   00000001149213e1 000070000bbd5708
0x000070000bbd56d0:   0000000116b0cd48 0000000000000000
0x000070000bbd56e0:   00000001149213f8 000070000bbd56b0
0x000070000bbd56f0:   000070000bbd5708 000070000bbd5750
0x000070000bbd5700:   000000011a00c35d 000000010df165c6
0x000070000bbd5710:   000070000bbd5710 0000000116bd2479
0x000070000bbd5720:   000070000bbd5760 0000000116be9618
0x000070000bbd5730:   0000000000000000 0000000116bd2490
0x000070000bbd5740:   000070000bbd5708 000070000bbd5760
0x000070000bbd5750:   000070000bbd57a8 000000011a00c35d
0x000070000bbd5760:   000000010df165c6 000070000bbd5768
0x000070000bbd5770:   0000000116b6b379 000070000bbd57b8
0x000070000bbd5780:   0000000116b6cc00 0000000000000000
0x000070000bbd5790:   0000000116b6b3c0 000070000bbd5760
0x000070000bbd57a0:   000070000bbd57b8 000070000bbd5820
0x000070000bbd57b0:   000000011a00c35d 000000010df165c6
0x000070000bbd57c0:   0000000740277810 0000000000000000
0x000070000bbd57d0:   0000000740277858 0000000000000002
0x000070000bbd57e0:   000070000bbd57e0 00000001148e1a7c
0x000070000bbd57f0:   000070000bbd58d0 00000001148e46a8
0x000070000bbd5800:   0000000000000000 00000001148e1bb8
0x000070000bbd5810:   000070000bbd57b8 000070000bbd58d8
0x000070000bbd5820:   000070000bbd5920 000000011a00c0e0
0x000070000bbd5830:   00000007a2aa2db0 00000007a2abb4a8
0x000070000bbd5840:   00000007a2a92348 00000007a2a92328
0x000070000bbd5850:   00000007402777e8 0000000740277788
0x000070000bbd5860:   0000000740277768 00000007402778b8
0x000070000bbd5870:   0000000740277898 00000007401d0f50 

Instructions: (pc=0x000000011a1092a4)
0x000000011a109284:   c0 fe ff 55 48 83 ec 10 44 8b 5e 08 49 ba 00 00
0x000000011a109294:   00 00 00 00 00 00 4f 8d 14 da 41 b8 00 00 00 40
0x000000011a1092a4:   45 85 82 9c 00 00 00 74 0b 48 8b ee 66 66 90 e8
0x000000011a1092b4:   e8 c7 f6 ff 48 83 c4 10 5d 85 05 3d 4d ae f4 c3 

Register to memory mapping:

RAX={method} {0x00000001143b2480} '<init>' '()V' in 'java/lang/Object'
RBX={method} {0x00000001143b2480} '<init>' '()V' in 'java/lang/Object'
RCX=0x000000010df165c6: _ZN18InterpreterRuntime14resolve_invokeEP10JavaThreadN9Bytecodes4CodeE+0x85c in /Library/Java/JavaVirtualMachines/jdk1.8.0_181.jdk/Contents/Home/jre/lib/server/libjvm.dylib at 0x000000010dc2c000
RDX=0x000000011a00c35d is at code_begin+2301 in an Interpreter codelet
invoke return entry points  [0x000000011a00ba60, 0x000000011a00c440]  2528 bytes
RSP=0x000070000bbd5680 is pointing into the stack for thread: 0x00007f8bf601c800
RBP=0x000070000bbd56f8 is pointing into the stack for thread: 0x00007f8bf601c800
RSI=0x000000010df165c6: _ZN18InterpreterRuntime14resolve_invokeEP10JavaThreadN9Bytecodes4CodeE+0x85c in /Library/Java/JavaVirtualMachines/jdk1.8.0_181.jdk/Contents/Home/jre/lib/server/libjvm.dylib at 0x000000010dc2c000
RDI=0x0000000000000000 is an unknown value
R8 =0x0000000040000000 is an unknown value
R9 =0x0000000000000000 is an unknown value
R10=0x00000002ea0ae208 is an unknown value
R11=0x000000005d415c41 is an unknown value
R12=0x0000000000000000 is an unknown value
R13=0x000070000bbd56b0 is pointing into the stack for thread: 0x00007f8bf601c800
R14=0x000070000bbd5708 is pointing into the stack for thread: 0x00007f8bf601c800
R15=0x00007f8bf601c800 is a thread


Stack: [0x000070000bad8000,0x000070000bbd8000],  sp=0x000070000bbd5680,  free space=1013k
Native frames: (J=compiled Java code, j=interpreted, Vv=VM code, C=native code)
J 2 C2 java.lang.Object.<init>()V (1 bytes) @ 0x000000011a1092a4 [0x000000011a109260+0x44]
j  org.antlr.v4.runtime.tree.AbstractParseTreeVisitor.<init>()V+1
j  HplsqlBaseVisitor.<init>()V+1
j  FigureVisitor.<init>()V+1
j  FigureVisitorTest.load()LTableFigureVisitor;+236
j  FigureVisitorTest.visitInsert_stmt()V+3
v  ~StubRoutines::call_stub
V  [libjvm.dylib+0x2efcba]  JavaCalls::call_helper(JavaValue*, methodHandle*, JavaCallArguments*, Thread*)+0x6ae
V  [libjvm.dylib+0x4d67a8]  Reflection::invoke(instanceKlassHandle, methodHandle, Handle, bool, objArrayHandle, BasicType, objArrayHandle, bool, Thread*)+0xe12
V  [libjvm.dylib+0x4d6cdc]  Reflection::invoke_method(oopDesc*, Handle, objArrayHandle, Thread*)+0x16c
V  [libjvm.dylib+0x348208]  JVM_InvokeMethod+0x166
j  sun.reflect.NativeMethodAccessorImpl.invoke0(Ljava/lang/reflect/Method;Ljava/lang/Object;[Ljava/lang/Object;)Ljava/lang/Object;+0
j  sun.reflect.NativeMethodAccessorImpl.invoke(Ljava/lang/Object;[Ljava/lang/Object;)Ljava/lang/Object;+100
j  sun.reflect.DelegatingMethodAccessorImpl.invoke(Ljava/lang/Object;[Ljava/lang/Object;)Ljava/lang/Object;+6
j  java.lang.reflect.Method.invoke(Ljava/lang/Object;[Ljava/lang/Object;)Ljava/lang/Object;+56
j  org.junit.platform.commons.util.ReflectionUtils.invokeMethod(Ljava/lang/reflect/Method;Ljava/lang/Object;[Ljava/lang/Object;)Ljava/lang/Object;+41
j  org.junit.jupiter.engine.execution.ExecutableInvoker.invoke(Ljava/lang/reflect/Method;Ljava/lang/Object;Lorg/junit/jupiter/api/extension/ExtensionContext;Lorg/junit/jupiter/engine/extension/ExtensionRegistry;)Ljava/lang/Object;+32
j  org.junit.jupiter.engine.descriptor.TestMethodTestDescriptor.lambda$invokeTestMethod$6(Lorg/junit/jupiter/api/extension/ExtensionContext;Lorg/junit/jupiter/engine/execution/JupiterEngineExecutionContext;)V+24
j  org.junit.jupiter.engine.descriptor.TestMethodTestDescriptor$$Lambda$187.execute()V+12
j  org.junit.jupiter.engine.execution.ThrowableCollector.execute(Lorg/junit/jupiter/api/function/Executable;)V+1
j  org.junit.jupiter.engine.descriptor.TestMethodTestDescriptor.invokeTestMethod(Lorg/junit/jupiter/engine/execution/JupiterEngineExecutionContext;Lorg/junit/platform/engine/support/hierarchical/Node$DynamicTestExecutor;)V+21
j  org.junit.jupiter.engine.descriptor.TestMethodTestDescriptor.execute(Lorg/junit/jupiter/engine/execution/JupiterEngineExecutionContext;Lorg/junit/platform/engine/support/hierarchical/Node$DynamicTestExecutor;)Lorg/junit/jupiter/engine/execution/JupiterEngineExecutionContext;+44
j  org.junit.jupiter.engine.descriptor.TestMethodTestDescriptor.execute(Lorg/junit/platform/engine/support/hierarchical/EngineExecutionContext;Lorg/junit/platform/engine/support/hierarchical/Node$DynamicTestExecutor;)Lorg/junit/platform/engine/support/hierarchical/EngineExecutionContext;+6
j  org.junit.platform.engine.support.hierarchical.HierarchicalTestExecutor$NodeExecutor.lambda$executeRecursively$3(Lorg/junit/platform/engine/support/hierarchical/ExecutionTracker;)V+35
j  org.junit.platform.engine.support.hierarchical.HierarchicalTestExecutor$NodeExecutor$$Lambda$141.execute()V+8
j  org.junit.platform.engine.support.hierarchical.SingleTestExecutor.executeSafely(Lorg/junit/platform/engine/support/hierarchical/SingleTestExecutor$Executable;)Lorg/junit/platform/engine/TestExecutionResult;+1
j  org.junit.platform.engine.support.hierarchical.HierarchicalTestExecutor$NodeExecutor.executeRecursively(Lorg/junit/platform/engine/support/hierarchical/ExecutionTracker;)V+27
j  org.junit.platform.engine.support.hierarchical.HierarchicalTestExecutor$NodeExecutor.execute(Lorg/junit/platform/engine/support/hierarchical/EngineExecutionContext;Lorg/junit/platform/engine/support/hierarchical/ExecutionTracker;)V+53
j  org.junit.platform.engine.support.hierarchical.HierarchicalTestExecutor$NodeExecutor.lambda$executeRecursively$2(Lorg/junit/platform/engine/support/hierarchical/ExecutionTracker;Lorg/junit/platform/engine/TestDescriptor;)V+17
j  org.junit.platform.engine.support.hierarchical.HierarchicalTestExecutor$NodeExecutor$$Lambda$144.accept(Ljava/lang/Object;)V+12
j  java.util.stream.ForEachOps$ForEachOp$OfRef.accept(Ljava/lang/Object;)V+5
j  java.util.stream.ReferencePipeline$2$1.accept(Ljava/lang/Object;)V+21
j  java.util.Iterator.forEachRemaining(Ljava/util/function/Consumer;)V+21
j  java.util.Spliterators$IteratorSpliterator.forEachRemaining(Ljava/util/function/Consumer;)V+52
j  java.util.stream.AbstractPipeline.copyInto(Ljava/util/stream/Sink;Ljava/util/Spliterator;)V+32
j  java.util.stream.AbstractPipeline.wrapAndCopyInto(Ljava/util/stream/Sink;Ljava/util/Spliterator;)Ljava/util/stream/Sink;+13
j  java.util.stream.ForEachOps$ForEachOp.evaluateSequential(Ljava/util/stream/PipelineHelper;Ljava/util/Spliterator;)Ljava/lang/Void;+3
j  java.util.stream.ForEachOps$ForEachOp$OfRef.evaluateSequential(Ljava/util/stream/PipelineHelper;Ljava/util/Spliterator;)Ljava/lang/Object;+3
j  java.util.stream.AbstractPipeline.evaluate(Ljava/util/stream/TerminalOp;)Ljava/lang/Object;+88
j  java.util.stream.ReferencePipeline.forEach(Ljava/util/function/Consumer;)V+6
j  org.junit.platform.engine.support.hierarchical.HierarchicalTestExecutor$NodeExecutor.lambda$executeRecursively$3(Lorg/junit/platform/engine/support/hierarchical/ExecutionTracker;)V+75
j  org.junit.platform.engine.support.hierarchical.HierarchicalTestExecutor$NodeExecutor$$Lambda$141.execute()V+8
j  org.junit.platform.engine.support.hierarchical.SingleTestExecutor.executeSafely(Lorg/junit/platform/engine/support/hierarchical/SingleTestExecutor$Executable;)Lorg/junit/platform/engine/TestExecutionResult;+1
j  org.junit.platform.engine.support.hierarchical.HierarchicalTestExecutor$NodeExecutor.executeRecursively(Lorg/junit/platform/engine/support/hierarchical/ExecutionTracker;)V+27
j  org.junit.platform.engine.support.hierarchical.HierarchicalTestExecutor$NodeExecutor.execute(Lorg/junit/platform/engine/support/hierarchical/EngineExecutionContext;Lorg/junit/platform/engine/support/hierarchical/ExecutionTracker;)V+53
j  org.junit.platform.engine.support.hierarchical.HierarchicalTestExecutor$NodeExecutor.lambda$executeRecursively$2(Lorg/junit/platform/engine/support/hierarchical/ExecutionTracker;Lorg/junit/platform/engine/TestDescriptor;)V+17
j  org.junit.platform.engine.support.hierarchical.HierarchicalTestExecutor$NodeExecutor$$Lambda$144.accept(Ljava/lang/Object;)V+12
j  java.util.stream.ForEachOps$ForEachOp$OfRef.accept(Ljava/lang/Object;)V+5
j  java.util.stream.ReferencePipeline$2$1.accept(Ljava/lang/Object;)V+21
j  java.util.Iterator.forEachRemaining(Ljava/util/function/Consumer;)V+21
j  java.util.Spliterators$IteratorSpliterator.forEachRemaining(Ljava/util/function/Consumer;)V+52
j  java.util.stream.AbstractPipeline.copyInto(Ljava/util/stream/Sink;Ljava/util/Spliterator;)V+32
j  java.util.stream.AbstractPipeline.wrapAndCopyInto(Ljava/util/stream/Sink;Ljava/util/Spliterator;)Ljava/util/stream/Sink;+13
j  java.util.stream.ForEachOps$ForEachOp.evaluateSequential(Ljava/util/stream/PipelineHelper;Ljava/util/Spliterator;)Ljava/lang/Void;+3
j  java.util.stream.ForEachOps$ForEachOp$OfRef.evaluateSequential(Ljava/util/stream/PipelineHelper;Ljava/util/Spliterator;)Ljava/lang/Object;+3
j  java.util.stream.AbstractPipeline.evaluate(Ljava/util/stream/TerminalOp;)Ljava/lang/Object;+88
j  java.util.stream.ReferencePipeline.forEach(Ljava/util/function/Consumer;)V+6
j  org.junit.platform.engine.support.hierarchical.HierarchicalTestExecutor$NodeExecutor.lambda$executeRecursively$3(Lorg/junit/platform/engine/support/hierarchical/ExecutionTracker;)V+75
j  org.junit.platform.engine.support.hierarchical.HierarchicalTestExecutor$NodeExecutor$$Lambda$141.execute()V+8
j  org.junit.platform.engine.support.hierarchical.SingleTestExecutor.executeSafely(Lorg/junit/platform/engine/support/hierarchical/SingleTestExecutor$Executable;)Lorg/junit/platform/engine/TestExecutionResult;+1
j  org.junit.platform.engine.support.hierarchical.HierarchicalTestExecutor$NodeExecutor.executeRecursively(Lorg/junit/platform/engine/support/hierarchical/ExecutionTracker;)V+27
j  org.junit.platform.engine.support.hierarchical.HierarchicalTestExecutor$NodeExecutor.execute(Lorg/junit/platform/engine/support/hierarchical/EngineExecutionContext;Lorg/junit/platform/engine/support/hierarchical/ExecutionTracker;)V+53
j  org.junit.platform.engine.support.hierarchical.HierarchicalTestExecutor.execute()V+23
j  org.junit.platform.engine.support.hierarchical.HierarchicalTestEngine.execute(Lorg/junit/platform/engine/ExecutionRequest;)V+13
j  org.junit.platform.launcher.core.DefaultLauncher.execute(Lorg/junit/platform/engine/TestEngine;Lorg/junit/platform/engine/ExecutionRequest;)V+2
j  org.junit.platform.launcher.core.DefaultLauncher.execute(Lorg/junit/platform/launcher/core/Root;Lorg/junit/platform/engine/ConfigurationParameters;[Lorg/junit/platform/launcher/TestExecutionListener;)V+101
j  org.junit.platform.launcher.core.DefaultLauncher.execute(Lorg/junit/platform/launcher/LauncherDiscoveryRequest;[Lorg/junit/platform/launcher/TestExecutionListener;)V+36
j  com.intellij.junit5.JUnit5IdeaTestRunner.startRunnerWithArgs([Ljava/lang/String;Ljava/lang/String;IZ)I+240
j  com.intellij.rt.execution.junit.IdeaTestRunner$Repeater.startRunnerWithArgs(Lcom/intellij/rt/execution/junit/IdeaTestRunner;[Ljava/lang/String;Ljava/util/ArrayList;Ljava/lang/String;IZ)I+22
j  com.intellij.rt.execution.junit.JUnitStarter.prepareStreamsAndStart([Ljava/lang/String;Ljava/lang/String;Ljava/util/ArrayList;Ljava/lang/String;)I+116
j  com.intellij.rt.execution.junit.JUnitStarter.main([Ljava/lang/String;)V+116
v  ~StubRoutines::call_stub
V  [libjvm.dylib+0x2efcba]  JavaCalls::call_helper(JavaValue*, methodHandle*, JavaCallArguments*, Thread*)+0x6ae
V  [libjvm.dylib+0x326c61]  jni_invoke_static(JNIEnv_*, JavaValue*, _jobject*, JNICallType, _jmethodID*, JNI_ArgumentPusher*, Thread*)+0x1bf
V  [libjvm.dylib+0x31f9ed]  jni_CallStaticVoidMethod+0x15d
C  [java+0x38c6]  JavaMain+0x9c4
C  [libsystem_pthread.dylib+0x3305]  _pthread_body+0x7e
C  [libsystem_pthread.dylib+0x626f]  _pthread_start+0x46
C  [libsystem_pthread.dylib+0x2415]  thread_start+0xd
C  0x0000000000000000


---------------  P R O C E S S  ---------------

Java Threads: ( => current thread )
  0x00007f8bf6a43000 JavaThread "Service Thread" daemon [_thread_blocked, id=17667, stack(0x000070000cb0b000,0x000070000cc0b000)]
  0x00007f8bf799c000 JavaThread "C1 CompilerThread2" daemon [_thread_blocked, id=15619, stack(0x000070000ca08000,0x000070000cb08000)]
  0x00007f8bf6344800 JavaThread "C2 CompilerThread1" daemon [_thread_blocked, id=15107, stack(0x000070000c905000,0x000070000ca05000)]
  0x00007f8bf799b800 JavaThread "C2 CompilerThread0" daemon [_thread_blocked, id=14851, stack(0x000070000c802000,0x000070000c902000)]
  0x00007f8bf7867800 JavaThread "JDWP Event Helper Thread" daemon [_thread_blocked, id=18435, stack(0x000070000c5fc000,0x000070000c6fc000)]
  0x00007f8bf601b800 JavaThread "Signal Dispatcher" daemon [_thread_blocked, id=13571, stack(0x000070000c3f6000,0x000070000c4f6000)]
  0x00007f8bf784d800 JavaThread "Finalizer" daemon [_thread_blocked, id=12291, stack(0x000070000c270000,0x000070000c370000)]
  0x00007f8bf6012800 JavaThread "Reference Handler" daemon [_thread_blocked, id=20995, stack(0x000070000c16d000,0x000070000c26d000)]
=>0x00007f8bf601c800 JavaThread "main" [_thread_in_Java, id=3843, stack(0x000070000bad8000,0x000070000bbd8000)]

Other Threads:
  0x00007f8bf680e000 VMThread [stack: 0x000070000c06a000,0x000070000c16a000] [id=21251]
  0x00007f8bf799d000 WatcherThread [stack: 0x000070000cc0e000,0x000070000cd0e000] [id=16131]

VM state:not at safepoint (normal execution)

VM Mutex/Monitor currently owned by a thread: None

Heap:
 PSYoungGen      total 551424K, used 237536K [0x0000000795580000, 0x00000007c0000000, 0x00000007c0000000)
  eden space 541696K, 42% used [0x0000000795580000,0x00000007a38b8360,0x00000007b6680000)
  from space 9728K, 50% used [0x00000007b6680000,0x00000007b6b40000,0x00000007b7000000)
  to   space 9728K, 0% used [0x00000007bf680000,0x00000007bf680000,0x00000007c0000000)
 ParOldGen       total 87552K, used 34958K [0x0000000740000000, 0x0000000745580000, 0x0000000795580000)
  object space 87552K, 39% used [0x0000000740000000,0x0000000742223be8,0x0000000745580000)
 Metaspace       used 11526K, capacity 12304K, committed 12416K, reserved 1060864K
  class space    used 1462K, capacity 1624K, committed 1664K, reserved 1048576K

Card table byte_map: [0x000000010f8de000,0x000000010fcdf000] byte_map_base: 0x000000010bede000

Marking Bits: (ParMarkBitMap*) 0x000000010e525cd0
 Begin Bits: [0x000000010ff8a000, 0x0000000111f8a000)
 End Bits:   [0x0000000111f8a000, 0x0000000113f8a000)

Polling page: 0x000000010ebee000

CodeCache: size=245760Kb used=7575Kb max_used=7575Kb free=238184Kb
 bounds [0x000000011a004000, 0x000000011a774000, 0x0000000129004000]
 total_blobs=2022 nmethods=1734 adapters=209
 compilation: enabled

Compilation events (10 events):
Event: 13360.675 Thread 0x00007f8bf799c000 nmethod 1751 0x000000011a121650 code [0x000000011a121800, 0x000000011a121e78]
Event: 13360.676 Thread 0x00007f8bf799c000 1752       3       HplsqlBaseVisitor::visitExpr_atom (6 bytes)
Event: 13360.676 Thread 0x00007f8bf799c000 nmethod 1752 0x000000011a121210 code [0x000000011a121380, 0x000000011a1215a8]
Event: 13360.678 Thread 0x00007f8bf799c000 1755       3       HplsqlParser$Select_list_itemContext::accept (26 bytes)
Event: 13360.678 Thread 0x00007f8bf799c000 nmethod 1755 0x000000011a12cb90 code [0x000000011a12cd40, 0x000000011a12d3b8]
Event: 13360.680 Thread 0x00007f8bf799c000 1758       3       HplsqlBaseVisitor::visitSelect_list_item (6 bytes)
Event: 13360.681 Thread 0x00007f8bf799c000 nmethod 1758 0x000000011a120d10 code [0x000000011a120e80, 0x000000011a1210a8]
Event: 13360.681 Thread 0x00007f8bf799c000 1759       3       HplsqlParser$Bool_exprContext::accept (26 bytes)
Event: 13360.681 Thread 0x00007f8bf799c000 nmethod 1759 0x000000011a12c190 code [0x000000011a12c340, 0x000000011a12c9b8]
Event: 13360.681 Thread 0x00007f8bf799c000 1760       3       HplsqlBaseVisitor::visitBool_expr (6 bytes)

GC Heap History (10 events):
Event: 16.942 GC heap before
{Heap before GC invocations=11 (full 0):
 PSYoungGen      total 218112K, used 214337K [0x0000000795580000, 0x00000007a3100000, 0x00000007c0000000)
  eden space 211456K, 100% used [0x0000000795580000,0x00000007a2400000,0x00000007a2400000)
  from space 6656K, 43% used [0x00000007a2a80000,0x00000007a2d506b8,0x00000007a3100000)
  to   space 6656K, 0% used [0x00000007a2400000,0x00000007a2400000,0x00000007a2a80000)
 ParOldGen       total 87552K, used 10047K [0x0000000740000000, 0x0000000745580000, 0x0000000795580000)
  object space 87552K, 11% used [0x0000000740000000,0x00000007409cfc58,0x0000000745580000)
 Metaspace       used 9916K, capacity 10696K, committed 10752K, reserved 1058816K
  class space    used 1312K, capacity 1496K, committed 1536K, reserved 1048576K
Event: 16.954 GC heap after
Heap after GC invocations=11 (full 0):
 PSYoungGen      total 218112K, used 4402K [0x0000000795580000, 0x00000007aad00000, 0x00000007c0000000)
  eden space 211456K, 0% used [0x0000000795580000,0x0000000795580000,0x00000007a2400000)
  from space 6656K, 66% used [0x00000007a2400000,0x00000007a284ca08,0x00000007a2a80000)
  to   space 6656K, 0% used [0x00000007aa680000,0x00000007aa680000,0x00000007aad00000)
 ParOldGen       total 87552K, used 12843K [0x0000000740000000, 0x0000000745580000, 0x0000000795580000)
  object space 87552K, 14% used [0x0000000740000000,0x0000000740c8ac78,0x0000000745580000)
 Metaspace       used 9916K, capacity 10696K, committed 10752K, reserved 1058816K
  class space    used 1312K, capacity 1496K, committed 1536K, reserved 1048576K
}
Event: 17.686 GC heap before
{Heap before GC invocations=12 (full 0):
 PSYoungGen      total 218112K, used 215858K [0x0000000795580000, 0x00000007aad00000, 0x00000007c0000000)
  eden space 211456K, 100% used [0x0000000795580000,0x00000007a2400000,0x00000007a2400000)
  from space 6656K, 66% used [0x00000007a2400000,0x00000007a284ca08,0x00000007a2a80000)
  to   space 6656K, 0% used [0x00000007aa680000,0x00000007aa680000,0x00000007aad00000)
 ParOldGen       total 87552K, used 12843K [0x0000000740000000, 0x0000000745580000, 0x0000000795580000)
  object space 87552K, 14% used [0x0000000740000000,0x0000000740c8ac78,0x0000000745580000)
 Metaspace       used 9948K, capacity 10696K, committed 10752K, reserved 1058816K
  class space    used 1312K, capacity 1496K, committed 1536K, reserved 1048576K
Event: 17.698 GC heap after
Heap after GC invocations=12 (full 0):
 PSYoungGen      total 345088K, used 3616K [0x0000000795580000, 0x00000007aad00000, 0x00000007c0000000)
  eden space 338432K, 0% used [0x0000000795580000,0x0000000795580000,0x00000007aa000000)
  from space 6656K, 54% used [0x00000007aa680000,0x00000007aaa08000,0x00000007aad00000)
  to   space 6656K, 0% used [0x00000007aa000000,0x00000007aa000000,0x00000007aa680000)
 ParOldGen       total 87552K, used 17269K [0x0000000740000000, 0x0000000745580000, 0x0000000795580000)
  object space 87552K, 19% used [0x0000000740000000,0x00000007410dd7a0,0x0000000745580000)
 Metaspace       used 9948K, capacity 10696K, committed 10752K, reserved 1058816K
  class space    used 1312K, capacity 1496K, committed 1536K, reserved 1048576K
}
Event: 18.463 GC heap before
{Heap before GC invocations=13 (full 0):
 PSYoungGen      total 345088K, used 342048K [0x0000000795580000, 0x00000007aad00000, 0x00000007c0000000)
  eden space 338432K, 100% used [0x0000000795580000,0x00000007aa000000,0x00000007aa000000)
  from space 6656K, 54% used [0x00000007aa680000,0x00000007aaa08000,0x00000007aad00000)
  to   space 6656K, 0% used [0x00000007aa000000,0x00000007aa000000,0x00000007aa680000)
 ParOldGen       total 87552K, used 17269K [0x0000000740000000, 0x0000000745580000, 0x0000000795580000)
  object space 87552K, 19% used [0x0000000740000000,0x00000007410dd7a0,0x0000000745580000)
 Metaspace       used 10047K, capacity 10824K, committed 11008K, reserved 1058816K
  class space    used 1312K, capacity 1496K, committed 1536K, reserved 1048576K
Event: 18.481 GC heap after
Heap after GC invocations=13 (full 0):
 PSYoungGen      total 345088K, used 6656K [0x0000000795580000, 0x00000007b7a80000, 0x00000007c0000000)
  eden space 338432K, 0% used [0x0000000795580000,0x0000000795580000,0x00000007aa000000)
  from space 6656K, 100% used [0x00000007aa000000,0x00000007aa680000,0x00000007aa680000)
  to   space 10240K, 0% used [0x00000007b7080000,0x00000007b7080000,0x00000007b7a80000)
 ParOldGen       total 87552K, used 24842K [0x0000000740000000, 0x0000000745580000, 0x0000000795580000)
  object space 87552K, 28% used [0x0000000740000000,0x0000000741842b08,0x0000000745580000)
 Metaspace       used 10047K, capacity 10824K, committed 11008K, reserved 1058816K
  class space    used 1312K, capacity 1496K, committed 1536K, reserved 1048576K
}
Event: 19.031 GC heap before
{Heap before GC invocations=14 (full 0):
 PSYoungGen      total 345088K, used 345088K [0x0000000795580000, 0x00000007b7a80000, 0x00000007c0000000)
  eden space 338432K, 100% used [0x0000000795580000,0x00000007aa000000,0x00000007aa000000)
  from space 6656K, 100% used [0x00000007aa000000,0x00000007aa680000,0x00000007aa680000)
  to   space 10240K, 0% used [0x00000007b7080000,0x00000007b7080000,0x00000007b7a80000)
 ParOldGen       total 87552K, used 24842K [0x0000000740000000, 0x0000000745580000, 0x0000000795580000)
  object space 87552K, 28% used [0x0000000740000000,0x0000000741842b08,0x0000000745580000)
 Metaspace       used 10063K, capacity 10824K, committed 11008K, reserved 1058816K
  class space    used 1312K, capacity 1496K, committed 1536K, reserved 1048576K
Event: 19.044 GC heap after
Heap after GC invocations=14 (full 0):
 PSYoungGen      total 550912K, used 4800K [0x0000000795580000, 0x00000007b7980000, 0x00000007c0000000)
  eden space 541696K, 0% used [0x0000000795580000,0x0000000795580000,0x00000007b6680000)
  from space 9216K, 52% used [0x00000007b7080000,0x00000007b7530010,0x00000007b7980000)
  to   space 9728K, 0% used [0x00000007b6680000,0x00000007b6680000,0x00000007b7000000)
 ParOldGen       total 87552K, used 31702K [0x0000000740000000, 0x0000000745580000, 0x0000000795580000)
  object space 87552K, 36% used [0x0000000740000000,0x0000000741ef5b70,0x0000000745580000)
 Metaspace       used 10063K, capacity 10824K, committed 11008K, reserved 1058816K
  class space    used 1312K, capacity 1496K, committed 1536K, reserved 1048576K
}
Event: 19.961 GC heap before
{Heap before GC invocations=15 (full 0):
 PSYoungGen      total 550912K, used 546496K [0x0000000795580000, 0x00000007b7980000, 0x00000007c0000000)
  eden space 541696K, 100% used [0x0000000795580000,0x00000007b6680000,0x00000007b6680000)
  from space 9216K, 52% used [0x00000007b7080000,0x00000007b7530010,0x00000007b7980000)
  to   space 9728K, 0% used [0x00000007b6680000,0x00000007b6680000,0x00000007b7000000)
 ParOldGen       total 87552K, used 31702K [0x0000000740000000, 0x0000000745580000, 0x0000000795580000)
  object space 87552K, 36% used [0x0000000740000000,0x0000000741ef5b70,0x0000000745580000)
 Metaspace       used 10079K, capacity 10824K, committed 11008K, reserved 1058816K
  class space    used 1312K, capacity 1496K, committed 1536K, reserved 1048576K
Event: 19.977 GC heap after
Heap after GC invocations=15 (full 0):
 PSYoungGen      total 551424K, used 4864K [0x0000000795580000, 0x00000007c0000000, 0x00000007c0000000)
  eden space 541696K, 0% used [0x0000000795580000,0x0000000795580000,0x00000007b6680000)
  from space 9728K, 50% used [0x00000007b6680000,0x00000007b6b40000,0x00000007b7000000)
  to   space 9728K, 0% used [0x00000007bf680000,0x00000007bf680000,0x00000007c0000000)
 ParOldGen       total 87552K, used 34958K [0x0000000740000000, 0x0000000745580000, 0x0000000795580000)
  object space 87552K, 39% used [0x0000000740000000,0x0000000742223be8,0x0000000745580000)
 Metaspace       used 10079K, capacity 10824K, committed 11008K, reserved 1058816K
  class space    used 1312K, capacity 1496K, committed 1536K, reserved 1048576K
}

Deoptimization events (10 events):
Event: 16.393 Thread 0x00007f8bf601c800 Uncommon trap: reason=unstable_if action=reinterpret pc=0x000000011a5574a4 method=org.antlr.v4.runtime.atn.PredictionContext.merge(Lorg/antlr/v4/runtime/atn/PredictionContext;Lorg/antlr/v4/runtime/atn/PredictionContext;ZLorg/antlr/v4/runtime/misc/DoubleKe
Event: 18.043 Thread 0x00007f8bf601c800 Uncommon trap: reason=unstable_if action=reinterpret pc=0x000000011a65a144 method=java.util.HashMap.getNode(ILjava/lang/Object;)Ljava/util/HashMap$Node; @ 84
Event: 18.070 Thread 0x00007f8bf601c800 Uncommon trap: reason=unstable_if action=reinterpret pc=0x000000011a690890 method=org.antlr.v4.runtime.atn.PredictionMode$AltAndContextConfigEqualityComparator.equals(Lorg/antlr/v4/runtime/atn/ATNConfig;Lorg/antlr/v4/runtime/atn/ATNConfig;)Z @ 45
Event: 18.361 Thread 0x00007f8bf601c800 Uncommon trap: reason=unstable_if action=reinterpret pc=0x000000011a6aff18 method=org.antlr.v4.runtime.atn.ParserATNSimulator.precedenceTransition(Lorg/antlr/v4/runtime/atn/ATNConfig;Lorg/antlr/v4/runtime/atn/PrecedencePredicateTransition;ZZZ)Lorg/antlr/v
Event: 18.424 Thread 0x00007f8bf601c800 Uncommon trap: reason=predicate action=maybe_recompile pc=0x000000011a6eee6c method=java.util.AbstractCollection.toArray([Ljava/lang/Object;)[Ljava/lang/Object; @ 49
Event: 18.772 Thread 0x00007f8bf601c800 Uncommon trap: reason=array_check action=maybe_recompile pc=0x000000011a6ec534 method=java.util.AbstractCollection.toArray([Ljava/lang/Object;)[Ljava/lang/Object; @ 119
Event: 18.772 Thread 0x00007f8bf601c800 Uncommon trap: reason=array_check action=maybe_recompile pc=0x000000011a6ec534 method=java.util.AbstractCollection.toArray([Ljava/lang/Object;)[Ljava/lang/Object; @ 119
Event: 18.772 Thread 0x00007f8bf601c800 Uncommon trap: reason=array_check action=maybe_recompile pc=0x000000011a6ec534 method=java.util.AbstractCollection.toArray([Ljava/lang/Object;)[Ljava/lang/Object; @ 119
Event: 18.772 Thread 0x00007f8bf601c800 Uncommon trap: reason=array_check action=maybe_recompile pc=0x000000011a6ec534 method=java.util.AbstractCollection.toArray([Ljava/lang/Object;)[Ljava/lang/Object; @ 119
Event: 20.260 Thread 0x00007f8bf601c800 Uncommon trap: reason=null_check action=make_not_entrant pc=0x000000011a71db60 method=org.antlr.v4.runtime.Parser.exitRule()V @ 74

Classes redefined (10 events):
Event: 9049.332 Thread 0x00007f8bf680e000 redefined class name=HplsqlParser$Bool_exprContext, count=1
Event: 9049.358 Thread 0x00007f8bf680e000 redefined class name=HplsqlParser$Bool_expr_atomContext, count=1
Event: 9049.380 Thread 0x00007f8bf680e000 redefined class name=HplsqlParser$Bool_expr_binaryContext, count=1
Event: 9049.395 Thread 0x00007f8bf680e000 redefined class name=HplsqlParser$Bool_expr_binary_operatorContext, count=1
Event: 9049.406 Thread 0x00007f8bf680e000 redefined class name=HplsqlParser$Bool_expr_logical_operatorContext, count=1
Event: 9049.417 Thread 0x00007f8bf680e000 redefined class name=HplsqlParser$Bool_expr_unaryContext, count=1
Event: 9049.428 Thread 0x00007f8bf680e000 redefined class name=HplsqlParser$From_alias_clauseContext, count=1
Event: 9049.444 Thread 0x00007f8bf680e000 redefined class name=HplsqlParser$From_join_clauseContext, count=1
Event: 9049.458 Thread 0x00007f8bf680e000 redefined class name=HplsqlParser$From_join_type_clauseContext, count=1
Event: 9049.470 Thread 0x00007f8bf680e000 redefined class name=HplsqlParser$Expr_agg_window_funcContext, count=1

Internal exceptions (10 events):
Event: 1.331 Thread 0x00007f8bf601c800 Exception <a 'java/security/PrivilegedActionException'> (0x0000000795e96820) thrown at [/Users/java_re/workspace/8-2-build-macosx-x86_64/jdk8u181/11358/hotspot/src/share/vm/prims/jvm.cpp, line 1435]
Event: 1.331 Thread 0x00007f8bf601c800 Exception <a 'java/security/PrivilegedActionException'> (0x0000000795e96a30) thrown at [/Users/java_re/workspace/8-2-build-macosx-x86_64/jdk8u181/11358/hotspot/src/share/vm/prims/jvm.cpp, line 1435]
Event: 1.495 Thread 0x00007f8bf601c800 Exception <a 'java/lang/NoSuchMethodError': java.lang.Object.lambda$or$2(Ljava/util/function/Predicate;Ljava/lang/Object;)Z> (0x00000007961386f8) thrown at [/Users/java_re/workspace/8-2-build-macosx-x86_64/jdk8u181/11358/hotspot/src/share/vm/interpreter/l
Event: 1.921 Thread 0x00007f8bf601c800 Exception <a 'java/lang/IncompatibleClassChangeError': Found class java.lang.Object, but interface was expected> (0x0000000796396e68) thrown at [/Users/java_re/workspace/8-2-build-macosx-x86_64/jdk8u181/11358/hotspot/src/share/vm/interpreter/linkResolver.
Event: 2.064 Thread 0x00007f8bf601c800 Exception <a 'java/lang/NoSuchMethodError': java.lang.Object.lambda$andThen$1(Ljava/util/function/Function;Ljava/lang/Object;)Ljava/lang/Object;> (0x00000007964d8340) thrown at [/Users/java_re/workspace/8-2-build-macosx-x86_64/jdk8u181/11358/hotspot/src/s
Event: 2.151 Thread 0x00007f8bf601c800 Exception <a 'java/lang/NoSuchMethodError': java.lang.Object.lambda$accept$0(Lorg/junit/platform/engine/TestDescriptor$Visitor;Lorg/junit/platform/engine/TestDescriptor;)V> (0x00000007965843d8) thrown at [/Users/java_re/workspace/8-2-build-macosx-x86_64/j
Event: 2.165 Thread 0x00007f8bf601c800 Exception <a 'java/lang/IncompatibleClassChangeError': Found class java.lang.Object, but interface was expected> (0x00000007965939a8) thrown at [/Users/java_re/workspace/8-2-build-macosx-x86_64/jdk8u181/11358/hotspot/src/share/vm/interpreter/linkResolver.
Event: 2.171 Thread 0x00007f8bf601c800 Exception <a 'java/lang/NoSuchMethodError': java.lang.Object.containsTests(Lorg/junit/platform/engine/TestDescriptor;)Z> (0x000000079659a3e8) thrown at [/Users/java_re/workspace/8-2-build-macosx-x86_64/jdk8u181/11358/hotspot/src/share/vm/interpreter/linkR
Event: 2.578 Thread 0x00007f8bf601c800 Exception <a 'java/lang/NoSuchMethodError': java.lang.Object.lambda$and$0(Ljava/util/function/Predicate;Ljava/lang/Object;)Z> (0x00000007969eb430) thrown at [/Users/java_re/workspace/8-2-build-macosx-x86_64/jdk8u181/11358/hotspot/src/share/vm/interpreter/
Event: 20.260 Thread 0x00007f8bf601c800 Implicit null exception at 0x000000011a71d90a to 0x000000011a71db4f

Events (10 events):
Event: 13360.637 Thread 0x00007f8bf680e800 Thread exited: 0x00007f8bf680e800
Event: 13360.641 loading class domain/Relation
Event: 13360.642 loading class domain/Relation done
Event: 13360.643 Thread 0x00007f8bf7866000 Thread exited: 0x00007f8bf7866000
Event: 13360.646 Thread 0x00007f8bf601c800 DEOPT PACKING pc=0x000000011a259db1 sp=0x000070000bbd3f20
Event: 13360.646 Thread 0x00007f8bf601c800 DEOPT UNPACKING pc=0x000000011a04b784 sp=0x000070000bbd3c90 mode 1
Event: 13360.646 Thread 0x00007f8bf601c800 DEOPT PACKING pc=0x000000011a16b414 sp=0x000070000bbd3fa0
Event: 13360.646 Thread 0x00007f8bf601c800 DEOPT UNPACKING pc=0x000000011a04b784 sp=0x000070000bbd3de0 mode 1
Event: 13360.646 Thread 0x00007f8bf601c800 DEOPT PACKING pc=0x000000011a16b1b4 sp=0x000070000bbd4130
Event: 13360.646 Thread 0x00007f8bf601c800 DEOPT UNPACKING pc=0x000000011a04b784 sp=0x000070000bbd3f70 mode 1


Dynamic libraries:
0x00007fff41f2e000 	/System/Library/Frameworks/Cocoa.framework/Versions/A/Cocoa
0x00007fff4e1eb000 	/System/Library/Frameworks/Security.framework/Versions/A/Security
0x00007fff40b35000 	/System/Library/Frameworks/ApplicationServices.framework/Versions/A/ApplicationServices
0x00007fff6f7c8000 	/usr/lib/libz.1.dylib
0x00007fff6ce3e000 	/usr/lib/libSystem.B.dylib
0x00007fff6e8e5000 	/usr/lib/libobjc.A.dylib
0x00007fff42751000 	/System/Library/Frameworks/CoreFoundation.framework/Versions/A/CoreFoundation
0x00007fff44ad6000 	/System/Library/Frameworks/Foundation.framework/Versions/C/Foundation
0x00007fff3fcc2000 	/System/Library/Frameworks/AppKit.framework/Versions/C/AppKit
0x00007fff422c5000 	/System/Library/Frameworks/CoreData.framework/Versions/A/CoreData
0x00007fff6600d000 	/System/Library/PrivateFrameworks/RemoteViewServices.framework/Versions/A/RemoteViewServices
0x00007fff6ab0c000 	/System/Library/PrivateFrameworks/UIFoundation.framework/Versions/A/UIFoundation
0x00007fff6c2c4000 	/System/Library/PrivateFrameworks/XCTTargetBootstrap.framework/Versions/A/XCTTargetBootstrap
0x00007fff60b16000 	/System/Library/PrivateFrameworks/IconServices.framework/Versions/A/IconServices
0x00007fff4739f000 	/System/Library/Frameworks/Metal.framework/Versions/A/Metal
0x00007fff57d19000 	/System/Library/PrivateFrameworks/DesktopServicesPriv.framework/Versions/A/DesktopServicesPriv
0x00007fff6dbf9000 	/usr/lib/libenergytrace.dylib
0x00007fff6887d000 	/System/Library/PrivateFrameworks/SkyLight.framework/Versions/A/SkyLight
0x00007fff42ba0000 	/System/Library/Frameworks/CoreGraphics.framework/Versions/A/CoreGraphics
0x00007fff3ea7d000 	/System/Library/Frameworks/Accelerate.framework/Versions/A/Accelerate
0x00007fff4525f000 	/System/Library/Frameworks/IOSurface.framework/Versions/A/IOSurface
0x00007fff57b7b000 	/System/Library/PrivateFrameworks/DFRFoundation.framework/Versions/A/DFRFoundation
0x00007fff4103a000 	/System/Library/Frameworks/AudioToolbox.framework/Versions/A/AudioToolbox
0x00007fff412d9000 	/System/Library/Frameworks/AudioUnit.framework/Versions/A/AudioUnit
0x00007fff57c12000 	/System/Library/PrivateFrameworks/DataDetectorsCore.framework/Versions/A/DataDetectorsCore
0x00007fff41a18000 	/System/Library/Frameworks/Carbon.framework/Versions/A/Frameworks/HIToolbox.framework/Versions/A/HIToolbox
0x00007fff6dd54000 	/usr/lib/libicucore.A.dylib
0x00007fff4d73e000 	/System/Library/Frameworks/QuartzCore.framework/Versions/A/QuartzCore
0x00007fff41dff000 	/System/Library/Frameworks/Carbon.framework/Versions/A/Frameworks/SpeechRecognition.framework/Versions/A/SpeechRecognition
0x00007fff6cfa1000 	/usr/lib/libauto.dylib
0x00007fff6f6bb000 	/usr/lib/libxml2.2.dylib
0x00007fff5777a000 	/System/Library/PrivateFrameworks/CoreUI.framework/Versions/A/CoreUI
0x00007fff421a3000 	/System/Library/Frameworks/CoreAudio.framework/Versions/A/CoreAudio
0x00007fff44908000 	/System/Library/Frameworks/DiskArbitration.framework/Versions/A/DiskArbitration
0x00007fff6e004000 	/usr/lib/liblangid.dylib
0x00007fff61fc5000 	/System/Library/PrivateFrameworks/MultitouchSupport.framework/Versions/A/MultitouchSupport
0x00007fff451cb000 	/System/Library/Frameworks/IOKit.framework/Versions/A/IOKit
0x00007fff6ca8c000 	/usr/lib/libDiagnosticMessagesClient.dylib
0x00007fff43a0e000 	/System/Library/Frameworks/CoreServices.framework/Versions/A/CoreServices
0x00007fff63cfa000 	/System/Library/PrivateFrameworks/PerformanceAnalysis.framework/Versions/A/PerformanceAnalysis
0x00007fff4c8d3000 	/System/Library/Frameworks/OpenGL.framework/Versions/A/OpenGL
0x00007fff41f3c000 	/System/Library/Frameworks/ColorSync.framework/Versions/A/ColorSync
0x00007fff4322f000 	/System/Library/Frameworks/CoreImage.framework/Versions/A/CoreImage
0x00007fff44451000 	/System/Library/Frameworks/CoreText.framework/Versions/A/CoreText
0x00007fff452c0000 	/System/Library/Frameworks/ImageIO.framework/Versions/A/ImageIO
0x00007fff53db9000 	/System/Library/PrivateFrameworks/Backup.framework/Versions/A/Backup
0x00007fff6cef4000 	/usr/lib/libarchive.2.dylib
0x00007fff4163d000 	/System/Library/Frameworks/CFNetwork.framework/Versions/A/CFNetwork
0x00007fff4e996000 	/System/Library/Frameworks/SystemConfiguration.framework/Versions/A/SystemConfiguration
0x00007fff6c9b5000 	/usr/lib/libCRFSuite.dylib
0x00007fff6d098000 	/usr/lib/libc++.1.dylib
0x00007fff6d0f0000 	/usr/lib/libc++abi.dylib
0x00007fff6f84b000 	/usr/lib/system/libcache.dylib
0x00007fff6f850000 	/usr/lib/system/libcommonCrypto.dylib
0x00007fff6f85b000 	/usr/lib/system/libcompiler_rt.dylib
0x00007fff6f863000 	/usr/lib/system/libcopyfile.dylib
0x00007fff6f86d000 	/usr/lib/system/libcorecrypto.dylib
0x00007fff6f978000 	/usr/lib/system/libdispatch.dylib
0x00007fff6f9b3000 	/usr/lib/system/libdyld.dylib
0x00007fff6f9e3000 	/usr/lib/system/libkeymgr.dylib
0x00007fff6f9f1000 	/usr/lib/system/liblaunch.dylib
0x00007fff6f9f2000 	/usr/lib/system/libmacho.dylib
0x00007fff6f9f8000 	/usr/lib/system/libquarantine.dylib
0x00007fff6f9fb000 	/usr/lib/system/libremovefile.dylib
0x00007fff6f9fd000 	/usr/lib/system/libsystem_asl.dylib
0x00007fff6fa15000 	/usr/lib/system/libsystem_blocks.dylib
0x00007fff6fa16000 	/usr/lib/system/libsystem_c.dylib
0x00007fff6fa9f000 	/usr/lib/system/libsystem_configuration.dylib
0x00007fff6faa3000 	/usr/lib/system/libsystem_coreservices.dylib
0x00007fff6faa7000 	/usr/lib/system/libsystem_darwin.dylib
0x00007fff6faae000 	/usr/lib/system/libsystem_dnssd.dylib
0x00007fff6fab5000 	/usr/lib/system/libsystem_info.dylib
0x00007fff6fb2b000 	/usr/lib/system/libsystem_m.dylib
0x00007fff6fb77000 	/usr/lib/system/libsystem_malloc.dylib
0x00007fff6fb9c000 	/usr/lib/system/libsystem_networkextension.dylib
0x00007fff6fba8000 	/usr/lib/system/libsystem_notify.dylib
0x00007fff6fbc5000 	/usr/lib/system/libsystem_sandbox.dylib
0x00007fff6fbc9000 	/usr/lib/system/libsystem_secinit.dylib
0x00007fff6fb02000 	/usr/lib/system/libsystem_kernel.dylib
0x00007fff6fbb0000 	/usr/lib/system/libsystem_platform.dylib
0x00007fff6fbba000 	/usr/lib/system/libsystem_pthread.dylib
0x00007fff6fbcc000 	/usr/lib/system/libsystem_symptoms.dylib
0x00007fff6fbd4000 	/usr/lib/system/libsystem_trace.dylib
0x00007fff6fbeb000 	/usr/lib/system/libunwind.dylib
0x00007fff6fbf1000 	/usr/lib/system/libxpc.dylib
0x00007fff6d078000 	/usr/lib/libbsm.0.dylib
0x00007fff6f9e4000 	/usr/lib/system/libkxld.dylib
0x00007fff53066000 	/System/Library/PrivateFrameworks/AppleFSCompression.framework/Versions/A/AppleFSCompression
0x00007fff6ccfd000 	/usr/lib/libOpenScriptingUtil.dylib
0x00007fff6d3db000 	/usr/lib/libcoretls.dylib
0x00007fff6d3f2000 	/usr/lib/libcoretls_cfhelpers.dylib
0x00007fff6f07e000 	/usr/lib/libpam.2.dylib
0x00007fff6f241000 	/usr/lib/libsqlite3.dylib
0x00007fff6f6a9000 	/usr/lib/libxar.1.dylib
0x00007fff6d089000 	/usr/lib/libbz2.1.0.dylib
0x00007fff6e006000 	/usr/lib/liblzma.5.dylib
0x00007fff6e4fc000 	/usr/lib/libnetwork.dylib
0x00007fff6cedd000 	/usr/lib/libapple_nghttp2.dylib
0x00007fff6f085000 	/usr/lib/libpcap.A.dylib
0x00007fff43db2000 	/System/Library/Frameworks/CoreServices.framework/Versions/A/Frameworks/FSEvents.framework/Versions/A/FSEvents
0x00007fff43a8e000 	/System/Library/Frameworks/CoreServices.framework/Versions/A/Frameworks/CarbonCore.framework/Versions/A/CarbonCore
0x00007fff43f87000 	/System/Library/Frameworks/CoreServices.framework/Versions/A/Frameworks/Metadata.framework/Versions/A/Metadata
0x00007fff4402a000 	/System/Library/Frameworks/CoreServices.framework/Versions/A/Frameworks/OSServices.framework/Versions/A/OSServices
0x00007fff44076000 	/System/Library/Frameworks/CoreServices.framework/Versions/A/Frameworks/SearchKit.framework/Versions/A/SearchKit
0x00007fff43a0f000 	/System/Library/Frameworks/CoreServices.framework/Versions/A/Frameworks/AE.framework/Versions/A/AE
0x00007fff43dbb000 	/System/Library/Frameworks/CoreServices.framework/Versions/A/Frameworks/LaunchServices.framework/Versions/A/LaunchServices
0x00007fff43d67000 	/System/Library/Frameworks/CoreServices.framework/Versions/A/Frameworks/DictionaryServices.framework/Versions/A/DictionaryServices
0x00007fff440e5000 	/System/Library/Frameworks/CoreServices.framework/Versions/A/Frameworks/SharedFileList.framework/Versions/A/SharedFileList
0x00007fff48864000 	/System/Library/Frameworks/NetFS.framework/Versions/A/NetFS
0x00007fff62262000 	/System/Library/PrivateFrameworks/NetAuth.framework/Versions/A/NetAuth
0x00007fff6c6f8000 	/System/Library/PrivateFrameworks/login.framework/Versions/A/Frameworks/loginsupport.framework/Versions/A/loginsupport
0x00007fff6a704000 	/System/Library/PrivateFrameworks/TCC.framework/Versions/A/TCC
0x00007fff56d84000 	/System/Library/PrivateFrameworks/CoreNLP.framework/Versions/A/CoreNLP
0x00007fff61cb6000 	/System/Library/PrivateFrameworks/MetadataUtilities.framework/Versions/A/MetadataUtilities
0x00007fff6e0e7000 	/usr/lib/libmecabra.dylib
0x00007fff40b36000 	/System/Library/Frameworks/ApplicationServices.framework/Versions/A/Frameworks/ATS.framework/Versions/A/ATS
0x00007fff40ea1000 	/System/Library/Frameworks/ApplicationServices.framework/Versions/A/Frameworks/ColorSyncLegacy.framework/Versions/A/ColorSyncLegacy
0x00007fff40f42000 	/System/Library/Frameworks/ApplicationServices.framework/Versions/A/Frameworks/HIServices.framework/Versions/A/HIServices
0x00007fff40f95000 	/System/Library/Frameworks/ApplicationServices.framework/Versions/A/Frameworks/LangAnalysis.framework/Versions/A/LangAnalysis
0x00007fff40fa4000 	/System/Library/Frameworks/ApplicationServices.framework/Versions/A/Frameworks/PrintCore.framework/Versions/A/PrintCore
0x00007fff40ff1000 	/System/Library/Frameworks/ApplicationServices.framework/Versions/A/Frameworks/QD.framework/Versions/A/QD
0x00007fff4102d000 	/System/Library/Frameworks/ApplicationServices.framework/Versions/A/Frameworks/SpeechSynthesis.framework/Versions/A/SpeechSynthesis
0x00007fff6d118000 	/usr/lib/libcompression.dylib
0x00007fff42667000 	/System/Library/Frameworks/CoreDisplay.framework/Versions/A/CoreDisplay
0x00007fff47667000 	/System/Library/Frameworks/MetalPerformanceShaders.framework/Versions/A/MetalPerformanceShaders
0x00007fff3ea95000 	/System/Library/Frameworks/Accelerate.framework/Versions/A/Frameworks/vImage.framework/Versions/A/vImage
0x00007fff3fb11000 	/System/Library/Frameworks/Accelerate.framework/Versions/A/Frameworks/vecLib.framework/Versions/A/vecLib
0x00007fff3fa5b000 	/System/Library/Frameworks/Accelerate.framework/Versions/A/Frameworks/vecLib.framework/Versions/A/libvMisc.dylib
0x00007fff3f876000 	/System/Library/Frameworks/Accelerate.framework/Versions/A/Frameworks/vecLib.framework/Versions/A/libvDSP.dylib
0x00007fff3f136000 	/System/Library/Frameworks/Accelerate.framework/Versions/A/Frameworks/vecLib.framework/Versions/A/libBLAS.dylib
0x00007fff3f421000 	/System/Library/Frameworks/Accelerate.framework/Versions/A/Frameworks/vecLib.framework/Versions/A/libLAPACK.dylib
0x00007fff3f7c8000 	/System/Library/Frameworks/Accelerate.framework/Versions/A/Frameworks/vecLib.framework/Versions/A/libLinearAlgebra.dylib
0x00007fff3f862000 	/System/Library/Frameworks/Accelerate.framework/Versions/A/Frameworks/vecLib.framework/Versions/A/libSparseBLAS.dylib
0x00007fff3f7de000 	/System/Library/Frameworks/Accelerate.framework/Versions/A/Frameworks/vecLib.framework/Versions/A/libQuadrature.dylib
0x00007fff3f3ae000 	/System/Library/Frameworks/Accelerate.framework/Versions/A/Frameworks/vecLib.framework/Versions/A/libBNNS.dylib
0x00007fff3f7e4000 	/System/Library/Frameworks/Accelerate.framework/Versions/A/Frameworks/vecLib.framework/Versions/A/libSparse.dylib
0x00007fff5e2a9000 	/System/Library/PrivateFrameworks/GPUWrangler.framework/Versions/A/GPUWrangler
0x00007fff606dd000 	/System/Library/PrivateFrameworks/IOAccelerator.framework/Versions/A/IOAccelerator
0x00007fff606e8000 	/System/Library/PrivateFrameworks/IOPresentment.framework/Versions/A/IOPresentment
0x00007fff57b8b000 	/System/Library/PrivateFrameworks/DSExternalDisplay.framework/Versions/A/DSExternalDisplay
0x00007fff4bd18000 	/System/Library/Frameworks/OpenGL.framework/Versions/A/Libraries/libCoreFSCache.dylib
0x00007fff4744f000 	/System/Library/Frameworks/MetalPerformanceShaders.framework/Frameworks/MPSCore.framework/Versions/A/MPSCore
0x00007fff47470000 	/System/Library/Frameworks/MetalPerformanceShaders.framework/Frameworks/MPSImage.framework/Versions/A/MPSImage
0x00007fff47518000 	/System/Library/Frameworks/MetalPerformanceShaders.framework/Frameworks/MPSNeuralNetwork.framework/Versions/A/MPSNeuralNetwork
0x00007fff474ef000 	/System/Library/Frameworks/MetalPerformanceShaders.framework/Frameworks/MPSMatrix.framework/Versions/A/MPSMatrix
0x00007fff4764b000 	/System/Library/Frameworks/MetalPerformanceShaders.framework/Frameworks/MPSRayIntersector.framework/Versions/A/MPSRayIntersector
0x00007fff61cdf000 	/System/Library/PrivateFrameworks/MetalTools.framework/Versions/A/MetalTools
0x00007fff52760000 	/System/Library/PrivateFrameworks/AggregateDictionary.framework/Versions/A/AggregateDictionary
0x00007fff6ccdd000 	/usr/lib/libMobileGestalt.dylib
0x00007fff445b7000 	/System/Library/Frameworks/CoreVideo.framework/Versions/A/CoreVideo
0x00007fff5f118000 	/System/Library/PrivateFrameworks/GraphVisualizer.framework/Versions/A/GraphVisualizer
0x00007fff58eb4000 	/System/Library/PrivateFrameworks/FaceCore.framework/Versions/A/FaceCore
0x00007fff4b330000 	/System/Library/Frameworks/OpenCL.framework/Versions/A/OpenCL
0x00007fff6cac4000 	/usr/lib/libFosl_dynamic.dylib
0x00007fff62b39000 	/System/Library/PrivateFrameworks/OTSVG.framework/Versions/A/OTSVG
0x00007fff40c3a000 	/System/Library/Frameworks/ApplicationServices.framework/Versions/A/Frameworks/ATS.framework/Versions/A/Resources/libFontParser.dylib
0x00007fff40d5a000 	/System/Library/Frameworks/ApplicationServices.framework/Versions/A/Frameworks/ATS.framework/Versions/A/Resources/libFontRegistry.dylib
0x00007fff4554a000 	/System/Library/Frameworks/ImageIO.framework/Versions/A/Resources/libJPEG.dylib
0x00007fff4586c000 	/System/Library/Frameworks/ImageIO.framework/Versions/A/Resources/libTIFF.dylib
0x00007fff45842000 	/System/Library/Frameworks/ImageIO.framework/Versions/A/Resources/libPng.dylib
0x00007fff4545f000 	/System/Library/Frameworks/ImageIO.framework/Versions/A/Resources/libGIF.dylib
0x00007fff45464000 	/System/Library/Frameworks/ImageIO.framework/Versions/A/Resources/libJP2.dylib
0x00007fff45869000 	/System/Library/Frameworks/ImageIO.framework/Versions/A/Resources/libRadiance.dylib
0x00007fff531bf000 	/System/Library/PrivateFrameworks/AppleJPEG.framework/Versions/A/AppleJPEG
0x00007fff4bd23000 	/System/Library/Frameworks/OpenGL.framework/Versions/A/Libraries/libGFXShared.dylib
0x00007fff4bee6000 	/System/Library/Frameworks/OpenGL.framework/Versions/A/Libraries/libGLU.dylib
0x00007fff4bd2c000 	/System/Library/Frameworks/OpenGL.framework/Versions/A/Libraries/libGL.dylib
0x00007fff4bd38000 	/System/Library/Frameworks/OpenGL.framework/Versions/A/Libraries/libGLImage.dylib
0x00007fff4bd15000 	/System/Library/Frameworks/OpenGL.framework/Versions/A/Libraries/libCVMSPluginSupport.dylib
0x00007fff4bd1e000 	/System/Library/Frameworks/OpenGL.framework/Versions/A/Libraries/libCoreVMClient.dylib
0x00007fff6da6a000 	/usr/lib/libcups.2.dylib
0x00007fff46964000 	/System/Library/Frameworks/Kerberos.framework/Versions/A/Kerberos
0x00007fff44f15000 	/System/Library/Frameworks/GSS.framework/Versions/A/GSS
0x00007fff6f1d5000 	/usr/lib/libresolv.9.dylib
0x00007fff6dc62000 	/usr/lib/libiconv.2.dylib
0x00007fff5f278000 	/System/Library/PrivateFrameworks/Heimdal.framework/Versions/A/Heimdal
0x00007fff6dc31000 	/usr/lib/libheimdal-asn1.dylib
0x00007fff4b3a6000 	/System/Library/Frameworks/OpenDirectory.framework/Versions/A/OpenDirectory
0x00007fff55a81000 	/System/Library/PrivateFrameworks/CommonAuth.framework/Versions/A/CommonAuth
0x00007fff4b389000 	/System/Library/Frameworks/OpenDirectory.framework/Versions/A/Frameworks/CFOpenDirectory.framework/Versions/A/CFOpenDirectory
0x00007fff4e514000 	/System/Library/Frameworks/SecurityFoundation.framework/Versions/A/SecurityFoundation
0x00007fff51c71000 	/System/Library/PrivateFrameworks/APFS.framework/Versions/A/APFS
0x00007fff6f6a5000 	/usr/lib/libutil.dylib
0x00007fff6d106000 	/usr/lib/libcharset.1.dylib
0x00007fff5345b000 	/System/Library/PrivateFrameworks/AppleSauce.framework/Versions/A/AppleSauce
0x00007fff535e9000 	/System/Library/PrivateFrameworks/AssertionServices.framework/Versions/A/AssertionServices
0x00007fff53e5c000 	/System/Library/PrivateFrameworks/BaseBoard.framework/Versions/A/BaseBoard
0x00007fff6e036000 	/usr/lib/libmecab.1.0.0.dylib
0x00007fff6dc2b000 	/usr/lib/libgermantok.dylib
0x00007fff6cec9000 	/usr/lib/libThaiTokenizer.dylib
0x00007fff6c9f0000 	/usr/lib/libChineseTokenizer.dylib
0x00007fff60e13000 	/System/Library/PrivateFrameworks/LanguageModeling.framework/Versions/A/LanguageModeling
0x00007fff5679a000 	/System/Library/PrivateFrameworks/CoreEmoji.framework/Versions/A/CoreEmoji
0x00007fff60f0b000 	/System/Library/PrivateFrameworks/Lexicon.framework/Versions/A/Lexicon
0x00007fff60f53000 	/System/Library/PrivateFrameworks/LinguisticData.framework/Versions/A/LinguisticData
0x00007fff6d107000 	/usr/lib/libcmph.dylib
0x00007fff4e5d5000 	/System/Library/Frameworks/ServiceManagement.framework/Versions/A/ServiceManagement
0x00007fff53daf000 	/System/Library/PrivateFrameworks/BackgroundTaskManagement.framework/Versions/A/BackgroundTaskManagement
0x00007fff6f79f000 	/usr/lib/libxslt.1.dylib
0x00007fff41d2a000 	/System/Library/Frameworks/Carbon.framework/Versions/A/Frameworks/Ink.framework/Versions/A/Ink
0x00007fff6a984000 	/System/Library/PrivateFrameworks/TextureIO.framework/Versions/A/TextureIO
0x00007fff6cf1e000 	/usr/lib/libate.dylib
0x00007fff57ae7000 	/System/Library/PrivateFrameworks/CrashReporterSupport.framework/Versions/A/CrashReporterSupport
0x00007fff679a5000 	/System/Library/PrivateFrameworks/Sharing.framework/Versions/A/Sharing
0x00007fff5393b000 	/System/Library/PrivateFrameworks/AuthKit.framework/Versions/A/AuthKit
0x00007fff52d5e000 	/System/Library/PrivateFrameworks/Apple80211.framework/Versions/A/Apple80211
0x00007fff578a7000 	/System/Library/PrivateFrameworks/CoreUtils.framework/Versions/A/CoreUtils
0x00007fff445f5000 	/System/Library/Frameworks/CoreWLAN.framework/Versions/A/CoreWLAN
0x00007fff4505f000 	/System/Library/Frameworks/IOBluetooth.framework/Versions/A/IOBluetooth
0x00007fff65cc8000 	/System/Library/PrivateFrameworks/ProtocolBuffer.framework/Versions/A/ProtocolBuffer
0x00007fff61f1c000 	/System/Library/PrivateFrameworks/MobileKeyBag.framework/Versions/A/MobileKeyBag
0x00007fff570bf000 	/System/Library/PrivateFrameworks/CorePhoneNumbers.framework/Versions/A/CorePhoneNumbers
0x00007fff53173000 	/System/Library/PrivateFrameworks/AppleIDAuthSupport.framework/Versions/A/AppleIDAuthSupport
0x00007fff60de5000 	/System/Library/PrivateFrameworks/KeychainCircle.framework/Versions/A/KeychainCircle
0x00007fff65e95000 	/System/Library/PrivateFrameworks/ROCKit.framework/Versions/A/ROCKit
0x00007fff57a83000 	/System/Library/PrivateFrameworks/CoreWiFi.framework/Versions/A/CoreWiFi
0x00007fff42299000 	/System/Library/Frameworks/CoreBluetooth.framework/Versions/A/CoreBluetooth
0x00007fff57cd7000 	/System/Library/PrivateFrameworks/DebugSymbols.framework/Versions/A/DebugSymbols
0x00007fff5765c000 	/System/Library/PrivateFrameworks/CoreSymbolication.framework/Versions/A/CoreSymbolication
0x00007fff6a16e000 	/System/Library/PrivateFrameworks/Symbolication.framework/Versions/A/Symbolication
0x00007fff69300000 	/System/Library/PrivateFrameworks/SpeechRecognitionCore.framework/Versions/A/SpeechRecognitionCore
0x00007fff385ad000 	/System/Library/CoreServices/Encodings/libSimplifiedChineseConverter.dylib
0x000000010dc2c000 	/Library/Java/JavaVirtualMachines/jdk1.8.0_181.jdk/Contents/Home/jre/lib/server/libjvm.dylib
0x00007fff6f569000 	/usr/lib/libstdc++.6.dylib
0x000000010ebe0000 	/Library/Java/JavaVirtualMachines/jdk1.8.0_181.jdk/Contents/Home/jre/lib/libverify.dylib
0x000000010f400000 	/Library/Java/JavaVirtualMachines/jdk1.8.0_181.jdk/Contents/Home/jre/lib/libjava.dylib
0x000000010f436000 	/Library/Java/JavaVirtualMachines/jdk1.8.0_181.jdk/Contents/Home/jre/lib/libjdwp.dylib
0x000000010ebef000 	/Library/Java/JavaVirtualMachines/jdk1.8.0_181.jdk/Contents/Home/jre/lib/libnpt.dylib
0x000000010f481000 	/Library/Java/JavaVirtualMachines/jdk1.8.0_181.jdk/Contents/Home/jre/lib/libinstrument.dylib
0x000000010f515000 	/Library/Java/JavaVirtualMachines/jdk1.8.0_181.jdk/Contents/Home/jre/lib/libzip.dylib
0x0000000115e68000 	/Library/Java/JavaVirtualMachines/jdk1.8.0_181.jdk/Contents/Home/jre/lib/libdt_socket.dylib

VM Arguments:
jvm_args: -agentlib:jdwp=transport=dt_socket,address=127.0.0.1:58704,suspend=y,server=n -ea -Didea.test.cyclic.buffer.size=1048576 -javaagent:/Users/jianjie/Library/Caches/IntelliJIdea2018.2/captureAgent/debugger-agent.jar=file:/private/var/folders/sw/d0bplpj93lg05n9nl66spmr00000gp/T/capture.props -Dfile.encoding=UTF-8 
java_command: com.intellij.rt.execution.junit.JUnitStarter -ideVersion5 -junit5 FigureVisitorTest,visitInsert_stmt
java_class_path (initial): /Applications/IntelliJ IDEA.app/Contents/lib/idea_rt.jar:/Applications/IntelliJ IDEA.app/Contents/plugins/junit/lib/junit-rt.jar:/Applications/IntelliJ IDEA.app/Contents/plugins/junit/lib/junit5-rt.jar:/Users/jianjie/.m2/repository/org/junit/platform/junit-platform-launcher/1.2.0/junit-platform-launcher-1.2.0.jar:/Users/jianjie/.m2/repository/org/apiguardian/apiguardian-api/1.0.0/apiguardian-api-1.0.0.jar:/Users/jianjie/.m2/repository/org/junit/platform/junit-platform-engine/1.2.0/junit-platform-engine-1.2.0.jar:/Users/jianjie/.m2/repository/org/junit/platform/junit-platform-commons/1.2.0/junit-platform-commons-1.2.0.jar:/Users/jianjie/.m2/repository/org/opentest4j/opentest4j/1.1.0/opentest4j-1.1.0.jar:/Users/jianjie/.m2/repository/org/junit/jupiter/junit-jupiter-engine/5.2.0/junit-jupiter-engine-5.2.0.jar:/Users/jianjie/.m2/repository/org/junit/jupiter/junit-jupiter-api/5.2.0/junit-jupiter-api-5.2.0.jar:/Users/jianjie/.m2/repository/org/junit/vintage/junit-vintage-engine/5.2.0/junit-vintage-engine-5.2.0.jar:/Users/jianjie/.m2/repository/junit/junit/4.12/junit-4.12.jar:/Users/jianjie/.m2/repository/org/hamcrest/hamcrest-core/1.3/hamcrest-core-1.3.jar:/Library/Java/JavaVirtualMachines/jdk1.8.0_181.jdk/Contents/Home/jre/lib/charsets.jar:/Library/Java/JavaVirtualMachines/jdk1.8.0_181.jdk/Contents/Home/jre/lib/deploy.jar:/Library/Java/JavaVirtualMachines/jdk1.8.0_181.jdk/Contents/Home/jre/lib/ext/cldrdata.jar:/Library/Java/JavaVirtualMachines/jdk1.8.0_181.jdk/Contents/Home/jre/lib/ext/dnsns.jar:/Library/Java/JavaVirtualMachines/jdk1.8.0_181.jdk/Contents/Home/jre/lib/ext/jaccess.jar:/Library/Java/JavaVirtualMachines/jdk1.8.0_181.jdk/Contents/Home/jre/lib/ext/jfxrt.jar:/Library/Java/JavaVirtualMachines/jdk1.8.0_181.jdk/Contents/Home/jre/lib/ext/localedata.jar:/Library/Java/JavaVirtualMachines/jdk1.8.0_181.jdk/Contents/Home/jre/lib/ext/nashorn.jar:/Library/Java/JavaVirtualMachines/jdk1.8.0_181.jdk/Contents/Home/jre/lib/ext/sunec.jar:/Library/Ja
Launcher Type: SUN_STANDARD

Environment Variables:
JAVA_HOME=/Library/Java/JavaVirtualMachines/jdk1.8.0_181.jdk/Contents/Home
PATH=/opt/local/bin:/opt/local/sbin://Library/Java/JavaVirtualMachines/maven3.6/bin:/Users/jianjie/anaconda3/bin:/usr/local/bin:/usr/bin:/bin:/usr/sbin:/sbin
SHELL=/bin/bash

Signal Handlers:
SIGSEGV: [libjvm.dylib+0x5b6029], sa_mask[0]=11111111011111110111111111111111, sa_flags=SA_ONSTACK|SA_RESTART|SA_SIGINFO
SIGBUS: [libjvm.dylib+0x5b6029], sa_mask[0]=11111111011111110111111111111111, sa_flags=SA_RESTART|SA_SIGINFO
SIGFPE: [libjvm.dylib+0x48b934], sa_mask[0]=11111111011111110111111111111111, sa_flags=SA_RESTART|SA_SIGINFO
SIGPIPE: [libjvm.dylib+0x48b934], sa_mask[0]=11111111011111110111111111111111, sa_flags=SA_RESTART|SA_SIGINFO
SIGXFSZ: [libjvm.dylib+0x48b934], sa_mask[0]=11111111011111110111111111111111, sa_flags=SA_RESTART|SA_SIGINFO
SIGILL: [libjvm.dylib+0x48b934], sa_mask[0]=11111111011111110111111111111111, sa_flags=SA_RESTART|SA_SIGINFO
SIGUSR1: SIG_DFL, sa_mask[0]=00000000000000000000000000000000, sa_flags=none
SIGUSR2: [libjvm.dylib+0x48b452], sa_mask[0]=00100000000000000000000000000000, sa_flags=SA_RESTART|SA_SIGINFO
SIGHUP: [libjvm.dylib+0x489a1d], sa_mask[0]=11111111011111110111111111111111, sa_flags=SA_RESTART|SA_SIGINFO
SIGINT: [libjvm.dylib+0x489a1d], sa_mask[0]=11111111011111110111111111111111, sa_flags=SA_RESTART|SA_SIGINFO
SIGTERM: [libjvm.dylib+0x489a1d], sa_mask[0]=11111111011111110111111111111111, sa_flags=SA_RESTART|SA_SIGINFO
SIGQUIT: [libjvm.dylib+0x489a1d], sa_mask[0]=11111111011111110111111111111111, sa_flags=SA_RESTART|SA_SIGINFO


---------------  S Y S T E M  ---------------

OS:Bsduname:Darwin 18.2.0 Darwin Kernel Version 18.2.0: Mon Nov 12 20:24:46 PST 2018; root:xnu-4903.231.4~2/RELEASE_X86_64 x86_64
rlimit: STACK 8192k, CORE 0k, NPROC 709, NOFILE 10240, AS infinity
load average:2.70 2.56 2.60

CPU:total 4 (initial active 4) (2 cores per cpu, 2 threads per core) family 6 model 61 stepping 4, cmov, cx8, fxsr, mmx, sse, sse2, sse3, ssse3, sse4.1, sse4.2, popcnt, avx, avx2, aes, clmul, erms, rtm, 3dnowpref, lzcnt, ht, tsc, tscinvbit, bmi1, bmi2, adx

Memory: 4k page, physical 8388608k(312516k free)

/proc/meminfo:


vm_info: Java HotSpot(TM) 64-Bit Server VM (25.181-b13) for bsd-amd64 JRE (1.8.0_181-b13), built on Jul  7 2018 01:02:31 by "java_re" with gcc 4.2.1 (Based on Apple Inc. build 5658) (LLVM build 2336.11.00)

time: Tue Dec 18 11:32:09 2018
elapsed time: 13360 seconds (0d 3h 42m 40s)

